# JRE version: Java(TM) SE Runtime Environment (8.0_201-b09) (build 1.8.0_201-b09)
# Java VM: Java HotSpot(TM) 64-Bit Server VM (25.201-b09 mixed mode windows-amd64 compressed oops)
Heap:
 PSYoungGen      total 102912K, used 59761K [0x000000076b000000, 0x0000000774000000, 0x00000007c0000000)
  eden space 97280K, 55% used [0x000000076b000000,0x000000076e51ee40,0x0000000770f00000)
  from space 5632K, 95% used [0x0000000773a80000,0x0000000773fbd898,0x0000000774000000)
  to   space 10752K, 0% used [0x0000000772b00000,0x0000000772b00000,0x0000000773580000)
 ParOldGen       total 107008K, used 7254K [0x00000006c1000000, 0x00000006c7880000, 0x000000076b000000)
  object space 107008K, 6% used [0x00000006c1000000,0x00000006c1715878,0x00000006c7880000)
 Metaspace       used 27078K, capacity 27432K, committed 27776K, reserved 1073152K
  class space    used 3490K, capacity 3596K, committed 3712K, reserved 1048576K
GC Heap History (10 events):
Event: 0.802 GC heap before
{Heap before GC invocations=1 (full 0):
 PSYoungGen      total 76288K, used 65536K [0x000000076b000000, 0x0000000770500000, 0x00000007c0000000)
  eden space 65536K, 100% used [0x000000076b000000,0x000000076f000000,0x000000076f000000)
  from space 10752K, 0% used [0x000000076fa80000,0x000000076fa80000,0x0000000770500000)
  to   space 10752K, 0% used [0x000000076f000000,0x000000076f000000,0x000000076fa80000)
 ParOldGen       total 175104K, used 0K [0x00000006c1000000, 0x00000006cbb00000, 0x000000076b000000)
  object space 175104K, 0% used [0x00000006c1000000,0x00000006c1000000,0x00000006cbb00000)
 Metaspace       used 10399K, capacity 10536K, committed 10752K, reserved 1058816K
  class space    used 1216K, capacity 1269K, committed 1280K, reserved 1048576K
Event: 0.808 GC heap after
Heap after GC invocations=1 (full 0):
 PSYoungGen      total 76288K, used 7027K [0x000000076b000000, 0x0000000770500000, 0x00000007c0000000)
  eden space 65536K, 0% used [0x000000076b000000,0x000000076b000000,0x000000076f000000)
  from space 10752K, 65% used [0x000000076f000000,0x000000076f6dcd98,0x000000076fa80000)
  to   space 10752K, 0% used [0x000000076fa80000,0x000000076fa80000,0x0000000770500000)
 ParOldGen       total 175104K, used 16K [0x00000006c1000000, 0x00000006cbb00000, 0x000000076b000000)
  object space 175104K, 0% used [0x00000006c1000000,0x00000006c1004000,0x00000006cbb00000)
 Metaspace       used 10399K, capacity 10536K, committed 10752K, reserved 1058816K
  class space    used 1216K, capacity 1269K, committed 1280K, reserved 1048576K
}
Event: 1.359 GC heap before
{Heap before GC invocations=2 (full 0):
 PSYoungGen      total 76288K, used 72563K [0x000000076b000000, 0x0000000770500000, 0x00000007c0000000)
  eden space 65536K, 100% used [0x000000076b000000,0x000000076f000000,0x000000076f000000)
  from space 10752K, 65% used [0x000000076f000000,0x000000076f6dcd98,0x000000076fa80000)
  to   space 10752K, 0% used [0x000000076fa80000,0x000000076fa80000,0x0000000770500000)
 ParOldGen       total 175104K, used 16K [0x00000006c1000000, 0x00000006cbb00000, 0x000000076b000000)
  object space 175104K, 0% used [0x00000006c1000000,0x00000006c1004000,0x00000006cbb00000)
 Metaspace       used 17865K, capacity 18074K, committed 18432K, reserved 1064960K
  class space    used 2394K, capacity 2480K, committed 2560K, reserved 1048576K
Event: 1.365 GC heap after
Heap after GC invocations=2 (full 0):
 PSYoungGen      total 76288K, used 9666K [0x000000076b000000, 0x0000000770500000, 0x00000007c0000000)
  eden space 65536K, 0% used [0x000000076b000000,0x000000076b000000,0x000000076f000000)
  from space 10752K, 89% used [0x000000076fa80000,0x00000007703f0a20,0x0000000770500000)
  to   space 10752K, 0% used [0x000000076f000000,0x000000076f000000,0x000000076fa80000)
 ParOldGen       total 175104K, used 24K [0x00000006c1000000, 0x00000006cbb00000, 0x000000076b000000)
  object space 175104K, 0% used [0x00000006c1000000,0x00000006c1006000,0x00000006cbb00000)
 Metaspace       used 17865K, capacity 18074K, committed 18432K, reserved 1064960K
  class space    used 2394K, capacity 2480K, committed 2560K, reserved 1048576K
}
Event: 1.582 GC heap before
{Heap before GC invocations=3 (full 0):
 PSYoungGen      total 76288K, used 49184K [0x000000076b000000, 0x0000000770500000, 0x00000007c0000000)
  eden space 65536K, 60% used [0x000000076b000000,0x000000076d6977f8,0x000000076f000000)
  from space 10752K, 89% used [0x000000076fa80000,0x00000007703f0a20,0x0000000770500000)
  to   space 10752K, 0% used [0x000000076f000000,0x000000076f000000,0x000000076fa80000)
 ParOldGen       total 175104K, used 24K [0x00000006c1000000, 0x00000006cbb00000, 0x000000076b000000)
  object space 175104K, 0% used [0x00000006c1000000,0x00000006c1006000,0x00000006cbb00000)
 Metaspace       used 20845K, capacity 21082K, committed 21296K, reserved 1067008K
  class space    used 2763K, capacity 2864K, committed 2944K, reserved 1048576K
Event: 1.587 GC heap after
Heap after GC invocations=3 (full 0):
 PSYoungGen      total 76288K, used 7582K [0x000000076b000000, 0x0000000774500000, 0x00000007c0000000)
  eden space 65536K, 0% used [0x000000076b000000,0x000000076b000000,0x000000076f000000)
  from space 10752K, 70% used [0x000000076f000000,0x000000076f767b98,0x000000076fa80000)
  to   space 10752K, 0% used [0x0000000773a80000,0x0000000773a80000,0x0000000774500000)
 ParOldGen       total 175104K, used 32K [0x00000006c1000000, 0x00000006cbb00000, 0x000000076b000000)
  object space 175104K, 0% used [0x00000006c1000000,0x00000006c1008000,0x00000006cbb00000)
 Metaspace       used 20845K, capacity 21082K, committed 21296K, reserved 1067008K
  class space    used 2763K, capacity 2864K, committed 2944K, reserved 1048576K
}
Event: 1.587 GC heap before
{Heap before GC invocations=4 (full 1):
 PSYoungGen      total 76288K, used 7582K [0x000000076b000000, 0x0000000774500000, 0x00000007c0000000)
  eden space 65536K, 0% used [0x000000076b000000,0x000000076b000000,0x000000076f000000)
  from space 10752K, 70% used [0x000000076f000000,0x000000076f767b98,0x000000076fa80000)
  to   space 10752K, 0% used [0x0000000773a80000,0x0000000773a80000,0x0000000774500000)
 ParOldGen       total 175104K, used 32K [0x00000006c1000000, 0x00000006cbb00000, 0x000000076b000000)
  object space 175104K, 0% used [0x00000006c1000000,0x00000006c1008000,0x00000006cbb00000)
 Metaspace       used 20845K, capacity 21082K, committed 21296K, reserved 1067008K
  class space    used 2763K, capacity 2864K, committed 2944K, reserved 1048576K
Event: 1.608 GC heap after
Heap after GC invocations=4 (full 1):
 PSYoungGen      total 76288K, used 0K [0x000000076b000000, 0x0000000774500000, 0x00000007c0000000)
  eden space 65536K, 0% used [0x000000076b000000,0x000000076b000000,0x000000076f000000)
  from space 10752K, 0% used [0x000000076f000000,0x000000076f000000,0x000000076fa80000)
  to   space 10752K, 0% used [0x0000000773a80000,0x0000000773a80000,0x0000000774500000)
 ParOldGen       total 107008K, used 7246K [0x00000006c1000000, 0x00000006c7880000, 0x000000076b000000)
  object space 107008K, 6% used [0x00000006c1000000,0x00000006c1713878,0x00000006c7880000)
 Metaspace       used 20845K, capacity 21082K, committed 21296K, reserved 1067008K
  class space    used 2763K, capacity 2864K, committed 2944K, reserved 1048576K
}
Event: 2.000 GC heap before
{Heap before GC invocations=5 (full 1):
 PSYoungGen      total 76288K, used 65536K [0x000000076b000000, 0x0000000774500000, 0x00000007c0000000)
  eden space 65536K, 100% used [0x000000076b000000,0x000000076f000000,0x000000076f000000)
  from space 10752K, 0% used [0x000000076f000000,0x000000076f000000,0x000000076fa80000)
  to   space 10752K, 0% used [0x0000000773a80000,0x0000000773a80000,0x0000000774500000)
 ParOldGen       total 107008K, used 7246K [0x00000006c1000000, 0x00000006c7880000, 0x000000076b000000)
  object space 107008K, 6% used [0x00000006c1000000,0x00000006c1713878,0x00000006c7880000)
 Metaspace       used 26024K, capacity 26312K, committed 26496K, reserved 1073152K
  class space    used 3303K, capacity 3395K, committed 3456K, reserved 1048576K
Event: 2.005 GC heap after
Heap after GC invocations=5 (full 1):
 PSYoungGen      total 102912K, used 5366K [0x000000076b000000, 0x0000000774000000, 0x00000007c0000000)
  eden space 97280K, 0% used [0x000000076b000000,0x000000076b000000,0x0000000770f00000)
  from space 5632K, 95% used [0x0000000773a80000,0x0000000773fbd898,0x0000000774000000)
  to   space 10752K, 0% used [0x0000000772b00000,0x0000000772b00000,0x0000000773580000)
 ParOldGen       total 107008K, used 7254K [0x00000006c1000000, 0x00000006c7880000, 0x000000076b000000)
  object space 107008K, 6% used [0x00000006c1000000,0x00000006c1715878,0x00000006c7880000)
 Metaspace       used 26024K, capacity 26312K, committed 26496K, reserved 1073152K
  class space    used 3303K, capacity 3395K, committed 3456K, reserved 1048576K
}

